# JRE version: OpenJDK Runtime Environment Temurin-21.0.12+8 (21.0.12+8) (build 21.0.12+8-LTS)
# Java VM: OpenJDK 64-Bit Server VM Temurin-21.0.12+8 (21.0.12+8-LTS, mixed mode, sharing, tiered, compressed oops, compressed class ptrs, g1 gc, windows-amd64)
GC Precious Log:
 CardTable entry size: 512
 Card Set container configuration: InlinePtr #cards 5 size 8 Array Of Cards #cards 12 size 40 Howl #buckets 4 coarsen threshold 1843 Howl Bitmap #cards 512 size 80 coarsen threshold 460 Card regions per heap region 1 cards per card region 2048
 CPUs: 8 total, 8 available
 Memory: 7412M
 Large Page Support: Disabled
 NUMA Support: Disabled
 Compressed Oops: Enabled (32-bit)
 Heap Region Size: 1M
 Heap Min Capacity: 8M
 Heap Initial Capacity: 116M
 Heap Max Capacity: 1854M
 Pre-touch: Disabled
 Parallel Workers: 8
 Concurrent Workers: 2
 Concurrent Refinement Workers: 8
 Periodic GC: Disabled
Heap:
 garbage-first heap   total 72704K, used 42480K [0x000000008c200000, 0x0000000100000000)
  region size 1024K, 14 young (14336K), 5 survivors (5120K)
 Metaspace       used 81213K, committed 81984K, reserved 1179648K
  class space    used 10980K, committed 11328K, reserved 1048576K
GC Heap History (20 events):
Event: 2.594 GC heap before
{Heap before GC invocations=2 (full 0):
 garbage-first heap   total 118784K, used 42023K [0x000000008c200000, 0x0000000100000000)
  region size 1024K, 35 young (35840K), 3 survivors (3072K)
 Metaspace       used 21142K, committed 21504K, reserved 1114112K
  class space    used 2726K, committed 2880K, reserved 1048576K
}
Event: 2.601 GC heap after
{Heap after GC invocations=3 (full 0):
 garbage-first heap   total 118784K, used 14292K [0x000000008c200000, 0x0000000100000000)
  region size 1024K, 6 young (6144K), 6 survivors (6144K)
 Metaspace       used 21142K, committed 21504K, reserved 1114112K
  class space    used 2726K, committed 2880K, reserved 1048576K
}
Event: 3.305 GC heap before
{Heap before GC invocations=4 (full 0):
 garbage-first heap   total 51200K, used 50132K [0x000000008c200000, 0x0000000100000000)
  region size 1024K, 41 young (41984K), 6 survivors (6144K)
 Metaspace       used 27702K, committed 28160K, reserved 1114112K
  class space    used 3489K, committed 3712K, reserved 1048576K
}
Event: 3.316 GC heap after
{Heap after GC invocations=5 (full 0):
 garbage-first heap   total 60416K, used 16665K [0x000000008c200000, 0x0000000100000000)
  region size 1024K, 6 young (6144K), 6 survivors (6144K)
 Metaspace       used 27702K, committed 28160K, reserved 1114112K
  class space    used 3489K, committed 3712K, reserved 1048576K
}
Event: 4.640 GC heap before
{Heap before GC invocations=5 (full 0):
 garbage-first heap   total 60416K, used 46361K [0x000000008c200000, 0x0000000100000000)
  region size 1024K, 35 young (35840K), 6 survivors (6144K)
 Metaspace       used 32592K, committed 33024K, reserved 1114112K
  class space    used 4104K, committed 4288K, reserved 1048576K
}
Event: 4.654 GC heap after
{Heap after GC invocations=6 (full 0):
 garbage-first heap   total 60416K, used 19191K [0x000000008c200000, 0x0000000100000000)
  region size 1024K, 5 young (5120K), 5 survivors (5120K)
 Metaspace       used 32592K, committed 33024K, reserved 1114112K
  class space    used 4104K, committed 4288K, reserved 1048576K
}
Event: 5.317 GC heap before
{Heap before GC invocations=6 (full 0):
 garbage-first heap   total 60416K, used 33527K [0x000000008c200000, 0x0000000100000000)
  region size 1024K, 20 young (20480K), 5 survivors (5120K)
 Metaspace       used 35485K, committed 35968K, reserved 1114112K
  class space    used 4571K, committed 4800K, reserved 1048576K
}
Event: 5.330 GC heap after
{Heap after GC invocations=7 (full 0):
 garbage-first heap   total 60416K, used 20682K [0x000000008c200000, 0x0000000100000000)
  region size 1024K, 4 young (4096K), 4 survivors (4096K)
 Metaspace       used 35485K, committed 35968K, reserved 1114112K
  class space    used 4571K, committed 4800K, reserved 1048576K
}
Event: 6.747 GC heap before
{Heap before GC invocations=8 (full 0):
 garbage-first heap   total 60416K, used 49354K [0x000000008c200000, 0x0000000100000000)
  region size 1024K, 32 young (32768K), 4 survivors (4096K)
 Metaspace       used 42767K, committed 43392K, reserved 1114112K
  class space    used 5525K, committed 5824K, reserved 1048576K
}
Event: 6.756 GC heap after
{Heap after GC invocations=9 (full 0):
 garbage-first heap   total 72704K, used 23381K [0x000000008c200000, 0x0000000100000000)
  region size 1024K, 4 young (4096K), 4 survivors (4096K)
 Metaspace       used 42767K, committed 43392K, reserved 1114112K
  class space    used 5525K, committed 5824K, reserved 1048576K
}
Event: 8.137 GC heap before
{Heap before GC invocations=9 (full 0):
 garbage-first heap   total 72704K, used 59221K [0x000000008c200000, 0x0000000100000000)
  region size 1024K, 39 young (39936K), 4 survivors (4096K)
 Metaspace       used 55256K, committed 55872K, reserved 1114112K
  class space    used 7351K, committed 7616K, reserved 1048576K
}
Event: 8.144 GC heap after
{Heap after GC invocations=10 (full 0):
 garbage-first heap   total 72704K, used 26147K [0x000000008c200000, 0x0000000100000000)
  region size 1024K, 5 young (5120K), 5 survivors (5120K)
 Metaspace       used 55256K, committed 55872K, reserved 1114112K
  class space    used 7351K, committed 7616K, reserved 1048576K
}
Event: 8.735 GC heap before
{Heap before GC invocations=10 (full 0):
 garbage-first heap   total 72704K, used 41507K [0x000000008c200000, 0x0000000100000000)
  region size 1024K, 21 young (21504K), 5 survivors (5120K)
 Metaspace       used 59467K, committed 60096K, reserved 1114112K
  class space    used 7855K, committed 8128K, reserved 1048576K
}
Event: 8.740 GC heap after
{Heap after GC invocations=11 (full 0):
 garbage-first heap   total 72704K, used 28212K [0x000000008c200000, 0x0000000100000000)
  region size 1024K, 2 young (2048K), 2 survivors (2048K)
 Metaspace       used 59467K, committed 60096K, reserved 1114112K
  class space    used 7855K, committed 8128K, reserved 1048576K
}
Event: 9.639 GC heap before
{Heap before GC invocations=12 (full 0):
 garbage-first heap   total 72704K, used 60980K [0x000000008c200000, 0x0000000100000000)
  region size 1024K, 35 young (35840K), 2 survivors (2048K)
 Metaspace       used 68657K, committed 69312K, reserved 1114112K
  class space    used 9242K, committed 9536K, reserved 1048576K
}
Event: 9.644 GC heap after
{Heap after GC invocations=13 (full 0):
 garbage-first heap   total 72704K, used 29546K [0x000000008c200000, 0x0000000100000000)
  region size 1024K, 3 young (3072K), 3 survivors (3072K)
 Metaspace       used 68657K, committed 69312K, reserved 1114112K
  class space    used 9242K, committed 9536K, reserved 1048576K
}
Event: 10.604 GC heap before
{Heap before GC invocations=13 (full 0):
 garbage-first heap   total 72704K, used 63338K [0x000000008c200000, 0x0000000100000000)
  region size 1024K, 36 young (36864K), 3 survivors (3072K)
 Metaspace       used 75184K, committed 75904K, reserved 1179648K
  class space    used 10198K, committed 10496K, reserved 1048576K
}
Event: 10.611 GC heap after
{Heap after GC invocations=14 (full 0):
 garbage-first heap   total 72704K, used 31365K [0x000000008c200000, 0x0000000100000000)
  region size 1024K, 4 young (4096K), 4 survivors (4096K)
 Metaspace       used 75184K, committed 75904K, reserved 1179648K
  class space    used 10198K, committed 10496K, reserved 1048576K
}
Event: 11.714 GC heap before
{Heap before GC invocations=14 (full 0):
 garbage-first heap   total 72704K, used 64133K [0x000000008c200000, 0x0000000100000000)
  region size 1024K, 36 young (36864K), 4 survivors (4096K)
 Metaspace       used 80018K, committed 80768K, reserved 1179648K
  class space    used 10806K, committed 11136K, reserved 1048576K
}
Event: 11.720 GC heap after
{Heap after GC invocations=15 (full 0):
 garbage-first heap   total 72704K, used 34288K [0x000000008c200000, 0x0000000100000000)
  region size 1024K, 5 young (5120K), 5 survivors (5120K)
 Metaspace       used 80018K, committed 80768K, reserved 1179648K
  class space    used 10806K, committed 11136K, reserved 1048576K
}

